<?xml version="1.0" encoding="UTF-8"?>
<!-- Generated by org.testng.reporters.JUnitReportReporter -->
<testsuite skipped="0" hostname="LAPTOP-966JUI2U" name="api.test.UserTest" tests="4" failures="0" timestamp="2024-08-29T12:52:43 IST" time="9.189" errors="0">
  <testcase name="testPostUser" time="3.093" classname="api.test.UserTest"/>
  <system-out/>
  <testcase name="testGetUser" time="1.645" classname="api.test.UserTest"/>
  <system-out/>
  <testcase name="testUserUpdateByName" time="2.917" classname="api.test.UserTest"/>
  <system-out/>
  <testcase name="testDeleteByUserName" time="1.534" classname="api.test.UserTest"/>
  <system-out/>
</testsuite> <!-- api.test.UserTest -->
