<?xml version="1.0" encoding="UTF-8"?>
<!-- Generated by org.testng.reporters.JUnitReportReporter -->
<testsuite skipped="2" hostname="LAPTOP-966JUI2U" name="api.test.DDTest" tests="2" failures="0" timestamp="2024-08-29T13:05:54 IST" time="0.000" errors="0">
  <testcase name="testPostUser" time="0.000" classname="api.test.DDTest">
    <skipped/>
  </testcase> <!-- testPostUser -->
  <system-out/>
  <testcase name="testdeleteByUserName" time="0.000" classname="api.test.DDTest">
    <skipped/>
  </testcase> <!-- testdeleteByUserName -->
  <system-out/>
</testsuite> <!-- api.test.DDTest -->
